<?xml version="1.0" encoding="UTF-8"?>
<!-- Generated by org.testng.reporters.JUnitReportReporter -->
<testsuite skipped="0" hostname="NARAYAN" name="MagentoTest" tests="1" failures="0" timestamp="06 Jun 2020 21:03:53 GMT" time="64.712" errors="0">
  <testcase name="positivecredentials" time="64.712" classname="MagentoTest"/>
</testsuite> <!-- MagentoTest -->
